4/22/2021 9:36:45 AM - Patch My PC Started
4/22/2021 9:36:45 AM - Patch My PC running with command line option: /s 
4/22/2021 9:36:45 AM - Checking connection to patchmypc.com
4/22/2021 9:36:45 AM - Verified connection to patchmypc.com. Status Code: 200
4/22/2021 9:36:45 AM - Getting latest definitions from patchmypc.com
4/22/2021 9:36:45 AM - Definition load completed in: 0.16 seconds
4/22/2021 9:36:45 AM - Microsoft.Win32.TaskScheduler.dll not found in Global Assembly Cache
4/22/2021 9:36:45 AM - Downloading: https://patchmypc.com/freeupdater/applications/taskscheduler/gacutil.exe to C:\Windows\system32\config\systemprofile\AppData\Roaming\PatchMyPC\gacutil.exe
4/22/2021 9:36:45 AM - Patch My PC version 4.2.0.3 is running. The latest is 4.2.0.3
4/22/2021 9:36:45 AM - Performing scan of installed applications
4/22/2021 9:36:45 AM - Downloading: https://patchmypc.com/freeupdater/applications/taskscheduler/gacutil.exe.config to C:\Windows\system32\config\systemprofile\AppData\Roaming\PatchMyPC\gacutil.exe.config
4/22/2021 9:36:45 AM - Downloading: https://patchmypc.com/freeupdater/applications/taskscheduler/gacutlrc.dll to C:\Windows\system32\config\systemprofile\AppData\Roaming\PatchMyPC\1033\gacutlrc.dll
4/22/2021 9:36:45 AM - Downloading: https://patchmypc.com/freeupdater/applications/taskschedulerv4.0/Microsoft.Win32.TaskScheduler.dll to C:\Windows\system32\config\systemprofile\AppData\Roaming\PatchMyPC\Microsoft.Win32.TaskScheduler.dll
4/22/2021 9:36:45 AM - Running: C:\Windows\system32\config\systemprofile\AppData\Roaming\PatchMyPC\gacutil.exe /i C:\Windows\system32\config\systemprofile\AppData\Roaming\PatchMyPC\Microsoft.Win32.TaskScheduler.dll
4/22/2021 9:36:45 AM - Scan completed in: 0.64 seconds
4/22/2021 9:36:46 AM - Error loading Microsoft.Win32.TaskScheduler.dll Could not load file or assembly 'Microsoft.Win32.TaskScheduler, Version=2.5.28.0, Culture=neutral, PublicKeyToken=0d013ddd5178a2ae' or one of its dependencies. The system cannot find the file specified.
4/22/2021 9:36:46 AM - Starting to perform updates silently since /silent switch used
4/22/2021 9:36:46 AM - Patch My PC 4.2.0.3 | Definitions: 22-Apr-2021 | 4/22/2021 9:36:46 AM

4/22/2021 9:36:46 AM - Run With /S  Switch
4/22/2021 9:36:46 AM - OS: Microsoft Windows 10 Education N x64

4/22/2021 9:36:46 AM - 10 App(s) to install or update...
4/22/2021 9:36:46 AM - Install Command: -install
4/22/2021 9:36:46 AM - Found Installer Adobe Flash PPAPI 32.0.0.465.exe in C:\PatchMyPCUpdates
4/22/2021 9:36:46 AM - Silently install Adobe Flash PPAPI 32.0.0.465
4/22/2021 8:46:17 PM - Patch My PC Started
4/22/2021 8:46:17 PM - Patch My PC running with command line option: /s 
4/22/2021 8:46:17 PM - Checking connection to patchmypc.com
4/22/2021 8:46:17 PM - Verified connection to patchmypc.com. Status Code: 200
4/22/2021 8:46:17 PM - Getting latest definitions from patchmypc.com
4/22/2021 8:46:18 PM - Definition load completed in: 0.17 seconds
4/22/2021 8:46:18 PM - Microsoft.Win32.TaskScheduler.dll not found in Global Assembly Cache
4/22/2021 8:46:18 PM - Downloading: https://patchmypc.com/freeupdater/applications/taskscheduler/gacutil.exe to C:\Windows\system32\config\systemprofile\AppData\Roaming\PatchMyPC\gacutil.exe
4/22/2021 8:46:18 PM - Patch My PC version 4.2.0.3 is running. The latest is 4.2.0.3
4/22/2021 8:46:18 PM - Performing scan of installed applications
4/22/2021 8:46:18 PM - Downloading: https://patchmypc.com/freeupdater/applications/taskscheduler/gacutil.exe.config to C:\Windows\system32\config\systemprofile\AppData\Roaming\PatchMyPC\gacutil.exe.config
4/22/2021 8:46:18 PM - Downloading: https://patchmypc.com/freeupdater/applications/taskscheduler/gacutlrc.dll to C:\Windows\system32\config\systemprofile\AppData\Roaming\PatchMyPC\1033\gacutlrc.dll
4/22/2021 8:46:18 PM - Downloading: https://patchmypc.com/freeupdater/applications/taskschedulerv4.0/Microsoft.Win32.TaskScheduler.dll to C:\Windows\system32\config\systemprofile\AppData\Roaming\PatchMyPC\Microsoft.Win32.TaskScheduler.dll
4/22/2021 8:46:18 PM - Running: C:\Windows\system32\config\systemprofile\AppData\Roaming\PatchMyPC\gacutil.exe /i C:\Windows\system32\config\systemprofile\AppData\Roaming\PatchMyPC\Microsoft.Win32.TaskScheduler.dll
4/22/2021 8:46:18 PM - Error loading Microsoft.Win32.TaskScheduler.dll Could not load file or assembly 'Microsoft.Win32.TaskScheduler, Version=2.5.28.0, Culture=neutral, PublicKeyToken=0d013ddd5178a2ae' or one of its dependencies. The system cannot find the file specified.
4/22/2021 8:46:18 PM - Scan completed in: 0.63 seconds
4/22/2021 8:46:19 PM - Starting to perform updates silently since /silent switch used
4/22/2021 8:46:19 PM - Patch My PC 4.2.0.3 | Definitions: 22-Apr-2021 | 4/22/2021 8:46:19 PM

4/22/2021 8:46:19 PM - Run With /S  Switch
4/22/2021 8:46:19 PM - OS: Microsoft Windows 10 Education N x64

4/22/2021 8:46:19 PM - 9 App(s) to install or update...
4/22/2021 8:46:19 PM - Install Command: -install
4/22/2021 8:46:19 PM - Found Installer Adobe Flash PPAPI 32.0.0.465.exe in C:\PatchMyPCUpdates
4/22/2021 8:46:19 PM - Silently install Adobe Flash PPAPI 32.0.0.465
4/22/2021 9:47:15 PM - Patch My PC Started
4/22/2021 9:47:15 PM - Patch My PC running with command line option: /s 
4/22/2021 9:47:15 PM - Checking connection to patchmypc.com
4/22/2021 9:47:15 PM - Verified connection to patchmypc.com. Status Code: 200
4/22/2021 9:47:15 PM - Getting latest definitions from patchmypc.com
4/22/2021 9:47:15 PM - Definition load completed in: 0.14 seconds
4/22/2021 9:47:15 PM - Microsoft.Win32.TaskScheduler.dll not found in Global Assembly Cache
4/22/2021 9:47:15 PM - Downloading: https://patchmypc.com/freeupdater/applications/taskscheduler/gacutil.exe to C:\Windows\system32\config\systemprofile\AppData\Roaming\PatchMyPC\gacutil.exe
4/22/2021 9:47:15 PM - Patch My PC version 4.2.0.3 is running. The latest is 4.2.0.3
4/22/2021 9:47:15 PM - Performing scan of installed applications
4/22/2021 9:47:15 PM - Downloading: https://patchmypc.com/freeupdater/applications/taskscheduler/gacutil.exe.config to C:\Windows\system32\config\systemprofile\AppData\Roaming\PatchMyPC\gacutil.exe.config
4/22/2021 9:47:15 PM - Downloading: https://patchmypc.com/freeupdater/applications/taskscheduler/gacutlrc.dll to C:\Windows\system32\config\systemprofile\AppData\Roaming\PatchMyPC\1033\gacutlrc.dll
4/22/2021 9:47:15 PM - Downloading: https://patchmypc.com/freeupdater/applications/taskschedulerv4.0/Microsoft.Win32.TaskScheduler.dll to C:\Windows\system32\config\systemprofile\AppData\Roaming\PatchMyPC\Microsoft.Win32.TaskScheduler.dll
4/22/2021 9:47:15 PM - Running: C:\Windows\system32\config\systemprofile\AppData\Roaming\PatchMyPC\gacutil.exe /i C:\Windows\system32\config\systemprofile\AppData\Roaming\PatchMyPC\Microsoft.Win32.TaskScheduler.dll
4/22/2021 9:47:16 PM - Error loading Microsoft.Win32.TaskScheduler.dll Could not load file or assembly 'Microsoft.Win32.TaskScheduler, Version=2.5.28.0, Culture=neutral, PublicKeyToken=0d013ddd5178a2ae' or one of its dependencies. The system cannot find the file specified.
4/22/2021 9:47:16 PM - Scan completed in: 0.61 seconds
4/22/2021 9:47:16 PM - Starting to perform updates silently since /silent switch used
4/22/2021 9:47:17 PM - Patch My PC 4.2.0.3 | Definitions: 22-Apr-2021 | 4/22/2021 9:47:17 PM

4/22/2021 9:47:17 PM - Run With /S  Switch
4/22/2021 9:47:17 PM - OS: Microsoft Windows 10 Education N x64

4/22/2021 9:47:17 PM - 9 App(s) to install or update...
4/22/2021 9:47:17 PM - Install Command: -install
4/22/2021 9:47:17 PM - Found Installer Adobe Flash PPAPI 32.0.0.465.exe in C:\PatchMyPCUpdates
4/22/2021 9:47:17 PM - Silently install Adobe Flash PPAPI 32.0.0.465
